<?xml version="1.0" encoding="UTF-8"?><testsuite errors="0" failures="2" name="test" skipped="0" tests="6" time="16.21" timestamp="2021-03-18 11:28:39"><testcase name=": Crear empleado en Dummy"/><testcase name=": Consultar empleado en Dummy"/><testcase name=": Eliminar empleado en Dummy"><failure message="El status code obtenido no corresponde al esperado por intermitencia del servicio - &#10;Expected: &lt;200&gt;&#10;     but: was &lt;429&gt;" type="java.lang.AssertionError">El status code obtenido no corresponde al esperado por intermitencia del servicio - 
Expected: &lt;200&gt;
     but: was &lt;429&gt;</failure><system-err>El status code obtenido no corresponde al esperado por intermitencia del servicio - 
Expected: &lt;200&gt;
     but: was &lt;429&gt;&#13;
task.EliminarEmpleado.performAs(EliminarEmpleado.java:28)&#13;
stepdefinitions.GestionEmpleadosDefinitions.eliminarEmpleado(GestionEmpleadosDefinitions.java:50)&#13;
✽.se elimine el empleado con id 3(file:///C:/Users/GS-0014/Documents/PruebaTecnicaDummy/src/test/resources/features/gestion_empleados.feature:27)&#13;
</system-err></testcase><testcase name=": Actualizar empleado en Dummy"/><testcase name="Escenario Transversal Creación, consulta, Actualización y eliminación del Empleado"><failure message="El status code obtenido no corresponde al esperado por intermitencia del servicio - &#10;Expected: &lt;200&gt;&#10;     but: was &lt;429&gt;" type="java.lang.AssertionError">El status code obtenido no corresponde al esperado por intermitencia del servicio - 
Expected: &lt;200&gt;
     but: was &lt;429&gt;</failure><system-err>El status code obtenido no corresponde al esperado por intermitencia del servicio - 
Expected: &lt;200&gt;
     but: was &lt;429&gt;&#13;
task.Crear.performAs(Crear.java:37)&#13;
stepdefinitions.GestionEmpleadosDefinitions.crearEmpleado(GestionEmpleadosDefinitions.java:28)&#13;
io.cucumber.java.Invoker.invoke(Invoker.java:27)&#13;
io.cucumber.java.JavaStepDefinition.execute(JavaStepDefinition.java:27)&#13;
io.cucumber.core.runner.PickleStepDefinitionMatch.runStep(PickleStepDefinitionMatch.java:63)&#13;
io.cucumber.core.runner.TestStep.executeStep(TestStep.java:64)&#13;
io.cucumber.core.runner.TestStep.run(TestStep.java:49)&#13;
io.cucumber.core.runner.PickleStepTestStep.run(PickleStepTestStep.java:46)&#13;
io.cucumber.core.runner.TestCase.run(TestCase.java:51)&#13;
io.cucumber.core.runner.Runner.runPickle(Runner.java:66)&#13;
io.cucumber.junit.FeatureRunner.runChild(FeatureRunner.java:83)&#13;
io.cucumber.junit.FeatureRunner.runChild(FeatureRunner.java:24)&#13;
io.cucumber.junit.CucumberSerenityRunner.runChild(CucumberSerenityRunner.java:227)&#13;
io.cucumber.junit.CucumberSerenityRunner.runChild(CucumberSerenityRunner.java:54)&#13;
</system-err></testcase></testsuite>